<?xml version="1.0" encoding="UTF-8"?>
<!-- Generated by org.testng.reporters.JUnitReportReporter -->
<testsuite hostname="DESKTOP-A0PA6AD" failures="0" tests="1" name="scripts.testcase1" time="13.439" errors="0" timestamp="2022-10-04T18:39:11 IST" skipped="0">
  <testcase classname="scripts.testcase1" name="tc1" time="13.439"/>
  <system-out/>
</testsuite> <!-- scripts.testcase1 -->
